<?xml version="1.0" encoding="UTF-8" ?>
<testsuite tests="8" failures="0" name="pt.premium.recruitment.ricardojafe.PokemonTest" time="0.008" errors="0" skipped="0">
  <properties>
[...]
</properties>
  <testcase classname="pt.premium.recruitment.ricardojafe.PokemonTest" name="testCatchPokemonNoMoves" time="0.007"/>
  <testcase classname="pt.premium.recruitment.ricardojafe.PokemonTest" name="testCatchPokemon2" time="0"/>
  <testcase classname="pt.premium.recruitment.ricardojafe.PokemonTest" name="testCatchPokemon3" time="0"/>
  <testcase classname="pt.premium.recruitment.ricardojafe.PokemonTest" name="testCatchPokemonNonValidChars2" time="0"/>
  <testcase classname="pt.premium.recruitment.ricardojafe.PokemonTest" name="testCatchPokemonNullMoves" time="0"/>
  <testcase classname="pt.premium.recruitment.ricardojafe.PokemonTest" name="testCatchPokemon" time="0"/>
  <testcase classname="pt.premium.recruitment.ricardojafe.PokemonTest" name="testCatchPokemonNonValidChars" time="0"/>
  <testcase classname="pt.premium.recruitment.ricardojafe.PokemonTest" name="testCatchPokemonPartialBacktrack" time="0.001"/>
</testsuite>